<?xml version="1.0" encoding="UTF-8"?>
<testsuite name="controller.TestFeeCollection" tests="3" skipped="0" failures="0" errors="0" timestamp="2023-02-08T07:59:55" hostname="Samikshas-MacBook-Pro.local" time="0.028">
  <properties/>
  <testcase name="total fee is initially zero()" classname="controller.TestFeeCollection" time="0.018"/>
  <testcase name="total fee should be 2 percent of total transaction()" classname="controller.TestFeeCollection" time="0.005"/>
  <testcase name="total fee should be rounded and not floored()" classname="controller.TestFeeCollection" time="0.003"/>
  <system-out><![CDATA[?[36m13:29:55.609?[0;39m ?[1;30m[Test worker]?[0;39m ?[34mINFO ?[0;39m ?[35mi.m.context.env.DefaultEnvironment?[0;39m - Established active environments: [test]
0
2
1
]]></system-out>
  <system-err><![CDATA[]]></system-err>
</testsuite>
