<?xml version="1.0" encoding="UTF-8"?>
<testsuite name="controller.TestFeeCollection" tests="3" skipped="0" failures="0" errors="0" timestamp="2023-02-08T06:55:46" hostname="Samikshas-MacBook-Pro.local" time="0.034">
  <properties/>
  <testcase name="total fee is initially zero()" classname="controller.TestFeeCollection" time="0.023"/>
  <testcase name="total fee should be 2 percent of total transaction()" classname="controller.TestFeeCollection" time="0.007"/>
  <testcase name="total fee should be rounded and not floored()" classname="controller.TestFeeCollection" time="0.004"/>
  <system-out><![CDATA[?[36m12:25:46.381?[0;39m ?[1;30m[Test worker]?[0;39m ?[34mINFO ?[0;39m ?[35mi.m.context.env.DefaultEnvironment?[0;39m - Established active environments: [test]
0
2
1
]]></system-out>
  <system-err><![CDATA[]]></system-err>
</testsuite>
