<?xml version="1.0" encoding="UTF-8"?>
<testsuite name="models.TestOrderCreation" tests="22" skipped="0" failures="0" errors="0" timestamp="2023-02-08T06:55:46" hostname="Samikshas-MacBook-Pro.local" time="0.011">
  <properties/>
  <testcase name="order details for unfilled order is set correctly()" classname="models.TestOrderCreation" time="0.0"/>
  <testcase name="cannot create sell order that will cause wallet limit to be exceeded()" classname="models.TestOrderCreation" time="0.0"/>
  <testcase name="cannot create buy order if user doesn't have enough money in wallet()" classname="models.TestOrderCreation" time="0.0"/>
  <testcase name="can create performance sell order if user has enough performance esops()" classname="models.TestOrderCreation" time="0.0"/>
  <testcase name="creating sell order adds order to global sell list()" classname="models.TestOrderCreation" time="0.001"/>
  <testcase name="creating buy order moves money to locked wallet()" classname="models.TestOrderCreation" time="0.0"/>
  <testcase name="creating buy order adds order to global buy list()" classname="models.TestOrderCreation" time="0.0"/>
  <testcase name="can log or print an order()" classname="models.TestOrderCreation" time="0.004"/>
  <testcase name="can create sell order if user has enough esops()" classname="models.TestOrderCreation" time="0.0"/>
  <testcase name="correct sell order is created()" classname="models.TestOrderCreation" time="0.0"/>
  <testcase name="order details for fully filled order is set correctly()" classname="models.TestOrderCreation" time="0.0"/>
  <testcase name="cannot create buy order that will cause inventory limit to be exceeded()" classname="models.TestOrderCreation" time="0.0"/>
  <testcase name="creating sell order locks esops()" classname="models.TestOrderCreation" time="0.001"/>
  <testcase name="cannot create sell order if user doesn't have enough esops in inventory()" classname="models.TestOrderCreation" time="0.0"/>
  <testcase name="cannot create performance sell order if user doesn't have enough performance esops in inventory()" classname="models.TestOrderCreation" time="0.0"/>
  <testcase name="correct performance sell order is created()" classname="models.TestOrderCreation" time="0.001"/>
  <testcase name="order details for partially filled order is set correctly()" classname="models.TestOrderCreation" time="0.0"/>
  <testcase name="creating performance sell order adds order to global performance sell list()" classname="models.TestOrderCreation" time="0.0"/>
  <testcase name="correct buy order is created()" classname="models.TestOrderCreation" time="0.001"/>
  <testcase name="creating performance sell order locks esops()" classname="models.TestOrderCreation" time="0.0"/>
  <testcase name="order details is initially empty()" classname="models.TestOrderCreation" time="0.0"/>
  <testcase name="can create buy order if user has money in wallet()" classname="models.TestOrderCreation" time="0.0"/>
  <system-out><![CDATA[]]></system-out>
  <system-err><![CDATA[]]></system-err>
</testsuite>
