<?xml version="1.0" encoding="UTF-8"?>
<testsuite name="models.TestOrderExecution" tests="7" skipped="0" failures="0" errors="0" timestamp="2023-02-08T07:59:55" hostname="Samikshas-MacBook-Pro.local" time="0.003">
  <properties/>
  <testcase name="should prioritize buy order that has higher price()" classname="models.TestOrderExecution" time="0.0"/>
  <testcase name="should prioritize order that came first among multiple performance ESOP sell orders irrespective of price()" classname="models.TestOrderExecution" time="0.001"/>
  <testcase name="multiple buy orders by one user and one sell order by another user to fulfill them completely()" classname="models.TestOrderExecution" time="0.0"/>
  <testcase name="buyer should get non-performance ESOP even if seller sells performance ESOPs()" classname="models.TestOrderExecution" time="0.001"/>
  <testcase name="should prioritize performance ESOP sell orders over non-performance ESOP sell orders()" classname="models.TestOrderExecution" time="0.0"/>
  <testcase name="should take sell price as order price when buy price is higher()" classname="models.TestOrderExecution" time="0.001"/>
  <testcase name="should prioritize sell order that has lower price()" classname="models.TestOrderExecution" time="0.0"/>
  <system-out><![CDATA[]]></system-out>
  <system-err><![CDATA[]]></system-err>
</testsuite>
