<?xml version="1.0" encoding="UTF-8"?>
<testsuite name="controller.TestErrorHandling" tests="4" skipped="0" failures="0" errors="0" timestamp="2023-02-08T08:30:53" hostname="Samikshas-MacBook-Pro.local" time="0.326">
  <properties/>
  <testcase name="should not accept empty post body()" classname="controller.TestErrorHandling" time="0.297"/>
  <testcase name="should send Http 405 when using get method for user registration()" classname="controller.TestErrorHandling" time="0.009"/>
  <testcase name="should send invalid json when malformed json request is sent()" classname="controller.TestErrorHandling" time="0.012"/>
  <testcase name="should get Http 404 for invalid route()" classname="controller.TestErrorHandling" time="0.006"/>
  <system-out><![CDATA[?[36m14:00:53.542?[0;39m ?[1;30m[Test worker]?[0;39m ?[34mINFO ?[0;39m ?[35mi.m.context.env.DefaultEnvironment?[0;39m - Established active environments: [test]
]]></system-out>
  <system-err><![CDATA[]]></system-err>
</testsuite>
